<?xml version="1.0" encoding="UTF-8"?>
<!-- Generated by org.testng.reporters.JUnitReportReporter -->
<testsuite hostname="CO-IT00576" name="com.maestrohealth.Onboarding.tests_sprint_1.ONB_37_Chrome_Execution" tests="33" failures="0" timestamp="19 Feb 2016 18:51:08 GMT" time="744.893" errors="0">
  <testcase name="TC_ONB_37_011" time="21.546" classname="com.maestrohealth.Onboarding.tests_sprint_1.ONB_37_Chrome_Execution"/>
  <testcase name="TC_ONB_37_014" time="23.174" classname="com.maestrohealth.Onboarding.tests_sprint_1.ONB_37_Chrome_Execution"/>
  <testcase name="TC_ONB_37_025" time="25.998" classname="com.maestrohealth.Onboarding.tests_sprint_1.ONB_37_Chrome_Execution"/>
  <testcase name="TC_ONB_37_033" time="26.544" classname="com.maestrohealth.Onboarding.tests_sprint_1.ONB_37_Chrome_Execution"/>
  <testcase name="TC_ONB_37_005" time="19.160" classname="com.maestrohealth.Onboarding.tests_sprint_1.ONB_37_Chrome_Execution"/>
  <testcase name="TC_ONB_37_013" time="17.228" classname="com.maestrohealth.Onboarding.tests_sprint_1.ONB_37_Chrome_Execution"/>
  <testcase name="TC_ONB_37_023" time="27.154" classname="com.maestrohealth.Onboarding.tests_sprint_1.ONB_37_Chrome_Execution"/>
  <testcase name="TC_ONB_37_022" time="25.040" classname="com.maestrohealth.Onboarding.tests_sprint_1.ONB_37_Chrome_Execution"/>
  <testcase name="TC_ONB_37_021" time="24.701" classname="com.maestrohealth.Onboarding.tests_sprint_1.ONB_37_Chrome_Execution"/>
  <testcase name="TC_ONB_37_007" time="19.680" classname="com.maestrohealth.Onboarding.tests_sprint_1.ONB_37_Chrome_Execution"/>
  <testcase name="TC_ONB_37_030" time="22.841" classname="com.maestrohealth.Onboarding.tests_sprint_1.ONB_37_Chrome_Execution"/>
  <testcase name="TC_ONB_37_035" time="25.006" classname="com.maestrohealth.Onboarding.tests_sprint_1.ONB_37_Chrome_Execution"/>
  <testcase name="TC_ONB_37_015" time="18.376" classname="com.maestrohealth.Onboarding.tests_sprint_1.ONB_37_Chrome_Execution"/>
  <testcase name="TC_ONB_37_027" time="25.707" classname="com.maestrohealth.Onboarding.tests_sprint_1.ONB_37_Chrome_Execution"/>
  <testcase name="TC_ONB_37_016" time="22.570" classname="com.maestrohealth.Onboarding.tests_sprint_1.ONB_37_Chrome_Execution"/>
  <testcase name="TC_ONB_37_032" time="21.287" classname="com.maestrohealth.Onboarding.tests_sprint_1.ONB_37_Chrome_Execution"/>
  <testcase name="TC_ONB_37_003" time="20.527" classname="com.maestrohealth.Onboarding.tests_sprint_1.ONB_37_Chrome_Execution"/>
  <testcase name="TC_ONB_37_038" time="23.640" classname="com.maestrohealth.Onboarding.tests_sprint_1.ONB_37_Chrome_Execution"/>
  <testcase name="TC_ONB_37_018" time="17.477" classname="com.maestrohealth.Onboarding.tests_sprint_1.ONB_37_Chrome_Execution"/>
  <testcase name="TC_ONB_37_002" time="24.223" classname="com.maestrohealth.Onboarding.tests_sprint_1.ONB_37_Chrome_Execution"/>
  <testcase name="TC_ONB_37_036" time="26.294" classname="com.maestrohealth.Onboarding.tests_sprint_1.ONB_37_Chrome_Execution"/>
  <testcase name="TC_ONB_37_024" time="25.347" classname="com.maestrohealth.Onboarding.tests_sprint_1.ONB_37_Chrome_Execution"/>
  <testcase name="TC_ONB_37_008" time="23.583" classname="com.maestrohealth.Onboarding.tests_sprint_1.ONB_37_Chrome_Execution"/>
  <testcase name="TC_ONB_37_029" time="21.503" classname="com.maestrohealth.Onboarding.tests_sprint_1.ONB_37_Chrome_Execution"/>
  <testcase name="TC_ONB_37_009" time="19.309" classname="com.maestrohealth.Onboarding.tests_sprint_1.ONB_37_Chrome_Execution"/>
  <testcase name="TC_ONB_37_026" time="25.157" classname="com.maestrohealth.Onboarding.tests_sprint_1.ONB_37_Chrome_Execution"/>
  <testcase name="TC_ONB_37_004" time="27.509" classname="com.maestrohealth.Onboarding.tests_sprint_1.ONB_37_Chrome_Execution"/>
  <testcase name="TC_ONB_37_028" time="25.995" classname="com.maestrohealth.Onboarding.tests_sprint_1.ONB_37_Chrome_Execution"/>
  <testcase name="TC_ONB_37_012" time="18.949" classname="com.maestrohealth.Onboarding.tests_sprint_1.ONB_37_Chrome_Execution"/>
  <testcase name="TC_ONB_37_019" time="21.602" classname="com.maestrohealth.Onboarding.tests_sprint_1.ONB_37_Chrome_Execution"/>
  <testcase name="TC_ONB_37" time="18.474" classname="com.maestrohealth.Onboarding.tests_sprint_1.ONB_37_Chrome_Execution"/>
  <testcase name="TC_ONB_37_010" time="19.127" classname="com.maestrohealth.Onboarding.tests_sprint_1.ONB_37_Chrome_Execution"/>
  <testcase name="TC_ONB_37_001" time="20.165" classname="com.maestrohealth.Onboarding.tests_sprint_1.ONB_37_Chrome_Execution"/>
</testsuite> <!-- com.maestrohealth.Onboarding.tests_sprint_1.ONB_37_Chrome_Execution -->
