<?xml version="1.0" encoding="UTF-8"?>
<!-- Generated by org.testng.reporters.JUnitReportReporter -->
<testsuite hostname="DESKTOP-M4JHFRS" name="com.maestrohealth.Onboarding.tests_sprint_1.Pilot3_Chrome" tests="1" failures="0" timestamp="16 Feb 2016 06:46:25 GMT" time="250.370" errors="0">
  <testcase name="TC_ONB_158_001" time="250.370" classname="com.maestrohealth.Onboarding.tests_sprint_1.Pilot3_Chrome"/>
</testsuite> <!-- com.maestrohealth.Onboarding.tests_sprint_1.Pilot3_Chrome -->
