<?xml version="1.0" encoding="UTF-8"?>
<!-- Generated by org.testng.reporters.JUnitReportReporter -->
<testsuite hostname="CO-IT00576" name="com.maestrohealth.Onboarding.tests_sprint_1.ONB_40_Chrome_Execution" tests="12" failures="0" timestamp="19 Feb 2016 18:51:08 GMT" time="297.488" errors="0">
  <testcase name="TC_ONB_40_002" time="20.460" classname="com.maestrohealth.Onboarding.tests_sprint_1.ONB_40_Chrome_Execution"/>
  <testcase name="TC_ONB_40_004" time="27.025" classname="com.maestrohealth.Onboarding.tests_sprint_1.ONB_40_Chrome_Execution"/>
  <testcase name="TC_ONB_40_008" time="22.818" classname="com.maestrohealth.Onboarding.tests_sprint_1.ONB_40_Chrome_Execution"/>
  <testcase name="TC_ONB_40_012" time="33.422" classname="com.maestrohealth.Onboarding.tests_sprint_1.ONB_40_Chrome_Execution"/>
  <testcase name="TC_ONB_40_011" time="28.498" classname="com.maestrohealth.Onboarding.tests_sprint_1.ONB_40_Chrome_Execution"/>
  <testcase name="TC_ONB_40_007" time="20.901" classname="com.maestrohealth.Onboarding.tests_sprint_1.ONB_40_Chrome_Execution"/>
  <testcase name="TC_ONB_40_005" time="25.727" classname="com.maestrohealth.Onboarding.tests_sprint_1.ONB_40_Chrome_Execution"/>
  <testcase name="TC_ONB_40_010" time="19.154" classname="com.maestrohealth.Onboarding.tests_sprint_1.ONB_40_Chrome_Execution"/>
  <testcase name="TC_ONB_40_013" time="24.717" classname="com.maestrohealth.Onboarding.tests_sprint_1.ONB_40_Chrome_Execution"/>
  <testcase name="TC_ONB_40_009" time="27.763" classname="com.maestrohealth.Onboarding.tests_sprint_1.ONB_40_Chrome_Execution"/>
  <testcase name="TC_ONB_40_003" time="19.924" classname="com.maestrohealth.Onboarding.tests_sprint_1.ONB_40_Chrome_Execution"/>
  <testcase name="TC_ONB_40_006" time="27.079" classname="com.maestrohealth.Onboarding.tests_sprint_1.ONB_40_Chrome_Execution"/>
</testsuite> <!-- com.maestrohealth.Onboarding.tests_sprint_1.ONB_40_Chrome_Execution -->
