<?xml version="1.0" encoding="UTF-8"?>
<!-- Generated by org.testng.reporters.JUnitReportReporter -->
<testsuite hostname="DESKTOP-M4JHFRS" name="com.maestrohealth.Onboarding.tests_sprint_1.Pilot" tests="1" failures="0" timestamp="12 Feb 2016 03:59:39 GMT" time="33.192" errors="0">
  <testcase name="TC_ONB_38_004" time="33.192" classname="com.maestrohealth.Onboarding.tests_sprint_1.Pilot"/>
</testsuite> <!-- com.maestrohealth.Onboarding.tests_sprint_1.Pilot -->
