<?xml version="1.0" encoding="UTF-8"?>
<!-- Generated by org.testng.reporters.JUnitReportReporter -->
<testsuite hostname="CO-IT00576" name="com.maestrohealth.Onboarding.tests_sprint_1.ONB_38_InternetExplorer_Execution" tests="9" failures="0" timestamp="19 Feb 2016 18:51:08 GMT" time="452.886" errors="1">
  <testcase name="TC_ONB_38_007" time="75.788" classname="com.maestrohealth.Onboarding.tests_sprint_1.ONB_38_InternetExplorer_Execution"/>
  <testcase name="TC_ONB_38_008" time="20.870" classname="com.maestrohealth.Onboarding.tests_sprint_1.ONB_38_InternetExplorer_Execution">
    <error type="junit.framework.ComparisonFailure" message="expected:&lt;FORGOT USERNAME&gt; but was:&lt;LOGIN&gt;">
      <![CDATA[junit.framework.ComparisonFailure: expected:<FORGOT USERNAME> but was:<LOGIN>
	at junit.framework.Assert.assertEquals(Assert.java:81)
	at junit.framework.Assert.assertEquals(Assert.java:87)
	at com.maestrohealth.Onboarding.tests_sprint_1.ONB_38_InternetExplorer_Execution.TC_ONB_38_008(ONB_38_InternetExplorer_Execution.java:194)
	at sun.reflect.NativeMethodAccessorImpl.invoke0(Native Method)
	at sun.reflect.NativeMethodAccessorImpl.invoke(NativeMethodAccessorImpl.java:62)
	at sun.reflect.DelegatingMethodAccessorImpl.invoke(DelegatingMethodAccessorImpl.java:43)
	at java.lang.reflect.Method.invoke(Method.java:497)
	at org.testng.internal.MethodInvocationHelper.invokeMethod(MethodInvocationHelper.java:85)
	at org.testng.internal.Invoker.invokeMethod(Invoker.java:659)
	at org.testng.internal.Invoker.invokeTestMethod(Invoker.java:845)
	at org.testng.internal.Invoker.invokeTestMethods(Invoker.java:1153)
	at org.testng.internal.TestMethodWorker.invokeTestMethods(TestMethodWorker.java:125)
	at org.testng.internal.TestMethodWorker.run(TestMethodWorker.java:108)
	at org.testng.TestRunner.privateRun(TestRunner.java:771)
	at org.testng.TestRunner.run(TestRunner.java:621)
	at org.testng.SuiteRunner.runTest(SuiteRunner.java:357)
	at org.testng.SuiteRunner.access$000(SuiteRunner.java:38)
	at org.testng.SuiteRunner$SuiteWorker.run(SuiteRunner.java:391)
	at org.testng.internal.thread.ThreadUtil$2.call(ThreadUtil.java:64)
	at java.util.concurrent.FutureTask.run(FutureTask.java:266)
	at java.util.concurrent.ThreadPoolExecutor.runWorker(ThreadPoolExecutor.java:1142)
	at java.util.concurrent.ThreadPoolExecutor$Worker.run(ThreadPoolExecutor.java:617)
	at java.lang.Thread.run(Thread.java:745)
]]>
    </error>
  </testcase> <!-- TC_ONB_38_008 -->
  <testcase name="TC_ONB_38_006" time="79.108" classname="com.maestrohealth.Onboarding.tests_sprint_1.ONB_38_InternetExplorer_Execution"/>
  <testcase name="TC_ONB_38_002" time="49.823" classname="com.maestrohealth.Onboarding.tests_sprint_1.ONB_38_InternetExplorer_Execution"/>
  <testcase name="TC_ONB_38_001" time="27.985" classname="com.maestrohealth.Onboarding.tests_sprint_1.ONB_38_InternetExplorer_Execution"/>
  <testcase name="TC_ONB_38_003" time="48.440" classname="com.maestrohealth.Onboarding.tests_sprint_1.ONB_38_InternetExplorer_Execution"/>
  <testcase name="TC_ONB_38_009" time="16.166" classname="com.maestrohealth.Onboarding.tests_sprint_1.ONB_38_InternetExplorer_Execution"/>
  <testcase name="TC_ONB_38_004" time="66.309" classname="com.maestrohealth.Onboarding.tests_sprint_1.ONB_38_InternetExplorer_Execution"/>
  <testcase name="TC_ONB_38_005" time="68.397" classname="com.maestrohealth.Onboarding.tests_sprint_1.ONB_38_InternetExplorer_Execution"/>
</testsuite> <!-- com.maestrohealth.Onboarding.tests_sprint_1.ONB_38_InternetExplorer_Execution -->
