<?xml version="1.0" encoding="UTF-8"?>
<!-- Generated by org.testng.reporters.JUnitReportReporter -->
<testsuite hostname="CO-IT00576" name="com.maestrohealth.Onboarding.tests_sprint_1.ONB_38_Firefox_Execution" tests="9" failures="0" timestamp="19 Feb 2016 18:51:08 GMT" time="353.762" errors="0">
  <testcase name="TC_ONB_38_008" time="36.269" classname="com.maestrohealth.Onboarding.tests_sprint_1.ONB_38_Firefox_Execution"/>
  <testcase name="TC_ONB_38_009" time="35.876" classname="com.maestrohealth.Onboarding.tests_sprint_1.ONB_38_Firefox_Execution"/>
  <testcase name="TC_ONB_38_001" time="34.239" classname="com.maestrohealth.Onboarding.tests_sprint_1.ONB_38_Firefox_Execution"/>
  <testcase name="TC_ONB_38_006" time="43.883" classname="com.maestrohealth.Onboarding.tests_sprint_1.ONB_38_Firefox_Execution"/>
  <testcase name="TC_ONB_38_002" time="43.661" classname="com.maestrohealth.Onboarding.tests_sprint_1.ONB_38_Firefox_Execution"/>
  <testcase name="TC_ONB_38_007" time="43.957" classname="com.maestrohealth.Onboarding.tests_sprint_1.ONB_38_Firefox_Execution"/>
  <testcase name="TC_ONB_38_005" time="42.372" classname="com.maestrohealth.Onboarding.tests_sprint_1.ONB_38_Firefox_Execution"/>
  <testcase name="TC_ONB_38_003" time="40.359" classname="com.maestrohealth.Onboarding.tests_sprint_1.ONB_38_Firefox_Execution"/>
  <testcase name="TC_ONB_38_004" time="33.146" classname="com.maestrohealth.Onboarding.tests_sprint_1.ONB_38_Firefox_Execution"/>
</testsuite> <!-- com.maestrohealth.Onboarding.tests_sprint_1.ONB_38_Firefox_Execution -->
