<?xml version="1.0" encoding="UTF-8"?>
<!-- Generated by org.testng.reporters.JUnitReportReporter -->
<testsuite hostname="CO-IT00576" name="com.maestrohealth.Onboarding.tests_sprint_1.ONB_38_Chrome_Execution" tests="9" failures="0" timestamp="19 Feb 2016 18:51:08 GMT" time="270.956" errors="0">
  <testcase name="TC_ONB_38_007" time="40.524" classname="com.maestrohealth.Onboarding.tests_sprint_1.ONB_38_Chrome_Execution"/>
  <testcase name="TC_ONB_38_002" time="31.512" classname="com.maestrohealth.Onboarding.tests_sprint_1.ONB_38_Chrome_Execution"/>
  <testcase name="TC_ONB_38_004" time="34.063" classname="com.maestrohealth.Onboarding.tests_sprint_1.ONB_38_Chrome_Execution"/>
  <testcase name="TC_ONB_38_006" time="33.331" classname="com.maestrohealth.Onboarding.tests_sprint_1.ONB_38_Chrome_Execution"/>
  <testcase name="TC_ONB_38_009" time="21.768" classname="com.maestrohealth.Onboarding.tests_sprint_1.ONB_38_Chrome_Execution"/>
  <testcase name="TC_ONB_38_003" time="30.145" classname="com.maestrohealth.Onboarding.tests_sprint_1.ONB_38_Chrome_Execution"/>
  <testcase name="TC_ONB_38_005" time="27.547" classname="com.maestrohealth.Onboarding.tests_sprint_1.ONB_38_Chrome_Execution"/>
  <testcase name="TC_ONB_38_001" time="26.955" classname="com.maestrohealth.Onboarding.tests_sprint_1.ONB_38_Chrome_Execution"/>
  <testcase name="TC_ONB_38_008" time="25.111" classname="com.maestrohealth.Onboarding.tests_sprint_1.ONB_38_Chrome_Execution"/>
</testsuite> <!-- com.maestrohealth.Onboarding.tests_sprint_1.ONB_38_Chrome_Execution -->
