<?xml version="1.0" encoding="UTF-8"?>
<!-- Generated by org.testng.reporters.JUnitReportReporter -->
<testsuite hostname="DESKTOP-M4JHFRS" name="com.maestrohealth.Onboarding.tests_sprint_1.Pilot2" tests="1" failures="0" timestamp="12 Feb 2016 02:56:18 GMT" time="16.823" errors="0">
  <testcase name="TC_ONB_38_001" time="16.823" classname="com.maestrohealth.Onboarding.tests_sprint_1.Pilot2"/>
</testsuite> <!-- com.maestrohealth.Onboarding.tests_sprint_1.Pilot2 -->
