<?xml version="1.0" encoding="UTF-8"?>
<!-- Generated by org.testng.reporters.JUnitReportReporter -->
<testsuite hostname="DESKTOP-M4JHFRS" name="com.maestrohealth.Onboarding.tests_sprint_1.Firefox_Execution" tests="2" failures="0" timestamp="26 Jan 2016 05:15:33 GMT" time="71.170" errors="0">
  <testcase name="login_test_bad" time="42.284" classname="com.maestrohealth.Onboarding.tests_sprint_1.Firefox_Execution"/>
  <testcase name="login_test_ok" time="28.886" classname="com.maestrohealth.Onboarding.tests_sprint_1.Firefox_Execution"/>
</testsuite> <!-- com.maestrohealth.Onboarding.tests_sprint_1.Firefox_Execution -->
